#
# A fatal error has been detected by the Java Runtime Environment:
#
#  SIGSEGV (0xb) at pc=0x00007feda105b6fa, pid=9006, tid=140658327938816
#
# JRE version: OpenJDK Runtime Environment (7.0_79-b14) (build 1.7.0_79-b14)
# Java VM: OpenJDK 64-Bit Server VM (24.79-b02 mixed mode linux-amd64 compressed oops)
# Derivative: IcedTea 2.5.6
# Distribution: Ubuntu 15.04, package 7u79-2.5.6-0ubuntu1.15.04.1
# Problematic frame:
# v  ~BufferBlob::jni_fast_GetLongField
#
# Failed to write core dump. Core dumps have been disabled. To enable core dumping, try "ulimit -c unlimited" before starting Java again
#
# If you would like to submit a bug report, please include
# instructions on how to reproduce the bug and visit:
#   http://icedtea.classpath.org/bugzilla
# The crash happened outside the Java Virtual Machine in native code.
# See problematic frame for where to report the bug.
#

---------------  T H R E A D  ---------------

Current thread (0x00007feda4245800):  JavaThread "AWT-XAWT" daemon [_thread_in_native, id=9026, stack(0x00007fed919be000,0x00007fed91abf000)]

siginfo:si_signo=SIGSEGV: si_errno=0, si_code=1 (SEGV_MAPERR), si_addr=0x0000000000000000

Registers:
RAX=0x00007fedac09f180, RBX=0x00007feda42459d8, RCX=0x0000000000000000, RDX=0x0000000000000042
RSP=0x00007fed91abd848, RBP=0x00007fed91abd870, RSI=0x0000000000000000, RDI=0x00007feda42459d8
R8 =0x00007fed9ae02250, R9 =0x0000000000000000, R10=0x0000000000000004, R11=0x00007fedabb2f8d0
R12=0x00007fed54008a00, R13=0x0000000000000000, R14=0x00007fed9b53ee80, R15=0x00007feda4245800
RIP=0x00007feda105b6fa, EFLAGS=0x0000000000010246, CSGSFS=0x0000000000000033, ERR=0x0000000000000004
  TRAPNO=0x000000000000000e

Top of Stack: (sp=0x00007fed91abd848)
0x00007fed91abd848:   00007fed9b30fc64 0000000779e14410
0x00007fed91abd858:   00007fed54008a00 0000000779e14410
0x00007fed91abd868:   00007fed91abd958 0000000000000000
0x00007fed91abd878:   00007fed9ae0a4e0 0000000779e14410
0x00007fed91abd888:   00007fed91abd8b0 0000000000000000
0x00007fed91abd898:   00007fed9ae02273 0000000779e14410
0x00007fed91abd8a8:   00007fed9b30423f 00007fed91abd920
0x00007fed91abd8b8:   00007feda1012d98 0000000779d56e68
0x00007fed91abd8c8:   0000000000000000 00007fed91abd8f0
0x00007fed91abd8d8:   00007fed91abd940 00007fed91abd8e0
0x00007fed91abd8e8:   0000000000000000 00007fed91abd958
0x00007fed91abd8f8:   0000000779e1a598 0000000000000000
0x00007fed91abd908:   0000000779e14410 0000000000000000
0x00007fed91abd918:   00007fed91abd940 00007fed91abd9a0
0x00007fed91abd928:   00007feda1006350 00000007d6b03ea0
0x00007fed91abd938:   00007feda100ecc0 0000000000000000
0x00007fed91abd948:   00007fed91abd9a0 00007fed5c008da0
0x00007fed91abd958:   00000007d6c64078 00007fed91abd960
0x00007fed91abd968:   0000000779f20b5c 00007fed91abd9e8
0x00007fed91abd978:   0000000779f2d9a0 0000000000000000
0x00007fed91abd988:   0000000779f20cf0 00007fed91abd940
0x00007fed91abd998:   00007fed91abd9e0 00007fed91abda30
0x00007fed91abd9a8:   00007feda1006058 0000000000000000
0x00007fed91abd9b8:   00000007d787a9a0 0000000000000000
0x00007fed91abd9c8:   0000000000000000 0000000000000000
0x00007fed91abd9d8:   00000007d6c64078 0000000000000000
0x00007fed91abd9e8:   00000007d6bd9b28 00007fed91abd9f0
0x00007fed91abd9f8:   0000000779f20955 00007fed91abda40
0x00007fed91abda08:   0000000779f2d9a0 0000000000000000
0x00007fed91abda18:   0000000779f20970 00007fed91abd9e0
0x00007fed91abda28:   00007fed91abda40 00007fed91abda88
0x00007fed91abda38:   00007feda1006706 00000007d6bd9b28 

Instructions: (pc=0x00007feda105b6fa)
0x00007feda105b6da:   00 00 00 00 00 00 44 8b 15 85 d3 06 0b 4c 8b ce
0x00007feda105b6ea:   41 f6 c2 01 0f 85 2e 00 00 00 4d 33 ca 4d 33 ca
0x00007feda105b6fa:   4d 8b 09 4c 8b da 49 c1 eb 02 4b 8b 04 19 49 bb
0x00007feda105b70a:   6c 8a 0c ac ed 7f 00 00 4c 33 d8 4c 33 d8 45 3b 

Register to memory mapping:

RAX=0x00007fedac09f180: <offset 0xe02180> in /usr/lib/jvm/java-7-openjdk-amd64/jre/lib/amd64/server/libjvm.so at 0x00007fedab29d000
RBX=0x00007feda42459d8 is an unknown value
RCX=0x0000000000000000 is an unknown value
RDX=0x0000000000000042 is an unknown value
RSP=0x00007fed91abd848 is pointing into the stack for thread: 0x00007feda4245800
RBP=0x00007fed91abd870 is pointing into the stack for thread: 0x00007feda4245800
RSI=0x0000000000000000 is an unknown value
RDI=0x00007feda42459d8 is an unknown value
R8 =0x00007fed9ae02250: <offset 0x5a250> in /usr/lib/x86_64-linux-gnu/libX11.so.6 at 0x00007fed9ada8000
R9 =0x0000000000000000 is an unknown value
R10=0x0000000000000004 is an unknown value
R11=0x00007fedabb2f8d0: <offset 0x8928d0> in /usr/lib/jvm/java-7-openjdk-amd64/jre/lib/amd64/server/libjvm.so at 0x00007fedab29d000
R12=0x00007fed54008a00 is an unknown value
R13=0x0000000000000000 is an unknown value
R14=0x00007fed9b53ee80: <offset 0x24be80> in /usr/lib/jvm/java-7-openjdk-amd64/jre/lib/amd64/xawt/libmawt.so at 0x00007fed9b2f3000
R15=0x00007feda4245800 is a thread


Stack: [0x00007fed919be000,0x00007fed91abf000],  sp=0x00007fed91abd848,  free space=1022k
Native frames: (J=compiled Java code, j=interpreted, Vv=VM code, C=native code)
v  ~BufferBlob::jni_fast_GetLongField

Java frames: (J=compiled Java code, j=interpreted, Vv=VM code)
j  sun.awt.X11.XlibWrapper.XFilterEvent(JJ)Z+0
j  sun.awt.X11.XToolkit.run(Z)V+300
j  sun.awt.X11.XToolkit.run()V+5
j  java.lang.Thread.run()V+11
v  ~StubRoutines::call_stub

---------------  P R O C E S S  ---------------

Java Threads: ( => current thread )
  0x00007fed74002000 JavaThread "SIGTERM handler" daemon [_thread_blocked, id=10069, stack(0x00007fed90898000,0x00007fed90999000)]
  0x00007fed74001000 JavaThread "SIGHUP handler" daemon [_thread_in_vm, id=10065, stack(0x00007fed90999000,0x00007fed90a9a000)]
  0x00007fed54012000 JavaThread "TimerQueue" daemon [_thread_blocked, id=9032, stack(0x00007fed90b37000,0x00007fed90c38000)]
  0x00007feda400a000 JavaThread "DestroyJavaVM" [_thread_blocked, id=9012, stack(0x00007fedacdf9000,0x00007fedacefa000)]
  0x00007feda4319800 JavaThread "Thread-1" [_thread_blocked, id=9030, stack(0x00007fed90c38000,0x00007fed90d39000)]
  0x00007feda4318800 JavaThread "Thread-0" [_thread_blocked, id=9029, stack(0x00007fed90d39000,0x00007fed90e3a000)]
  0x00007feda434f000 JavaThread "AWT-EventQueue-0" [_thread_blocked, id=9028, stack(0x00007fed90e3a000,0x00007fed90f3b000)]
  0x00007feda4338800 JavaThread "AWT-Shutdown" [_thread_blocked, id=9027, stack(0x00007fed90f3b000,0x00007fed9103c000)]
=>0x00007feda4245800 JavaThread "AWT-XAWT" daemon [_thread_in_native, id=9026, stack(0x00007fed919be000,0x00007fed91abf000)]
  0x00007feda4212000 JavaThread "Java2D Disposer" daemon [_thread_blocked, id=9025, stack(0x00007fed98030000,0x00007fed98131000)]
  0x00007feda40af800 JavaThread "Service Thread" daemon [_thread_blocked, id=9023, stack(0x00007feda00af000,0x00007feda01b0000)]
  0x00007feda40ad000 JavaThread "C2 CompilerThread1" daemon [_thread_blocked, id=9022, stack(0x00007feda01b0000,0x00007feda02b1000)]
  0x00007feda40aa000 JavaThread "C2 CompilerThread0" daemon [_thread_blocked, id=9021, stack(0x00007feda02b1000,0x00007feda03b2000)]
  0x00007feda40a8000 JavaThread "Signal Dispatcher" daemon [_thread_blocked, id=9020, stack(0x00007feda03b2000,0x00007feda04b3000)]
  0x00007feda407c000 JavaThread "Finalizer" daemon [_thread_blocked, id=9019, stack(0x00007feda04b3000,0x00007feda05b4000)]
  0x00007feda407a000 JavaThread "Reference Handler" daemon [_thread_blocked, id=9018, stack(0x00007feda05b4000,0x00007feda06b5000)]

Other Threads:
  0x00007feda4075800 VMThread [stack: 0x00007feda06b5000,0x00007feda07b6000] [id=9017]
  0x00007feda40ba800 WatcherThread [stack: 0x00007fed9b811000,0x00007fed9b912000] [id=9024]

VM state:not at safepoint (normal execution)

VM Mutex/Monitor currently owned by a thread:  ([mutex/lock_event])
[0x00007feda4006480] Threads_lock - owner thread: 0x00007fed74001000

Heap
 PSYoungGen      total 37376K, used 16559K [0x00000007d6a80000, 0x00000007d9400000, 0x0000000800000000)
  eden space 32256K, 51% used [0x00000007d6a80000,0x00000007d7aabdb0,0x00000007d8a00000)
  from space 5120K, 0% used [0x00000007d8f00000,0x00000007d8f00000,0x00000007d9400000)
  to   space 5120K, 0% used [0x00000007d8a00000,0x00000007d8a00000,0x00000007d8f00000)
 ParOldGen       total 84480K, used 0K [0x0000000784000000, 0x0000000789280000, 0x00000007d6a80000)
  object space 84480K, 0% used [0x0000000784000000,0x0000000784000000,0x0000000789280000)
 PSPermGen       total 21504K, used 13057K [0x0000000779a00000, 0x000000077af00000, 0x0000000784000000)
  object space 21504K, 60% used [0x0000000779a00000,0x000000077a6c05c0,0x000000077af00000)

Card table byte_map: [0x00007feda95ae000,0x00007feda99e2000] byte_map_base: 0x00007feda59e1000

Polling page: 0x00007fedacf18000

Code Cache  [0x00007feda1000000, 0x00007feda1270000, 0x00007feda4000000)
 total_blobs=527 nmethods=43 adapters=438 free_code_cache=48543Kb largest_free_block=49692416

Compilation events (10 events):
Event: 531.036 Thread 0x00007feda40ad000 nmethod 38 0x00007feda1091290 code [0x00007feda10913c0, 0x00007feda1091478]
Event: 531.041 Thread 0x00007feda40aa000 nmethod 37 0x00007feda1099f10 code [0x00007feda109a060, 0x00007feda109a208]
Event: 555.868 Thread 0x00007feda40ad000   39             java.util.concurrent.locks.ReentrantLock::unlock (10 bytes)
Event: 555.871 Thread 0x00007feda40ad000 nmethod 39 0x00007feda1099a50 code [0x00007feda1099ba0, 0x00007feda1099d68]
Event: 1845.893 Thread 0x00007feda40aa000   41             sun.awt.X11.Native::getInt (8 bytes)
Event: 1845.894 Thread 0x00007feda40aa000 nmethod 41 0x00007feda1099450 code [0x00007feda1099580, 0x00007feda10995f8]
Event: 1845.896 Thread 0x00007feda40aa000   42             java.util.concurrent.locks.ReentrantLock$NonfairSync::lock (25 bytes)
Event: 1845.898 Thread 0x00007feda40aa000 nmethod 42 0x00007feda1099010 code [0x00007feda1099180, 0x00007feda10992e8]
Event: 1845.899 Thread 0x00007feda40aa000   43             java.util.concurrent.locks.ReentrantLock::lock (8 bytes)
Event: 1845.900 Thread 0x00007feda40aa000 nmethod 43 0x00007feda109bc10 code [0x00007feda109bd80, 0x00007feda109bf28]

GC Heap History (0 events):
No events

Deoptimization events (8 events):
Event: 0.227 Thread 0x00007feda400a000 Uncommon trap: reason=class_check action=maybe_recompile pc=0x00007feda1079988 method=java.util.Properties$LineReader.readLine()I @ 62
Event: 0.229 Thread 0x00007feda400a000 Uncommon trap: reason=class_check action=maybe_recompile pc=0x00007feda1079988 method=java.util.Properties$LineReader.readLine()I @ 62
Event: 0.229 Thread 0x00007feda400a000 Uncommon trap: reason=class_check action=maybe_recompile pc=0x00007feda1079988 method=java.util.Properties$LineReader.readLine()I @ 62
Event: 0.230 Thread 0x00007feda400a000 Uncommon trap: reason=class_check action=maybe_recompile pc=0x00007feda1079988 method=java.util.Properties$LineReader.readLine()I @ 62
Event: 2.127 Thread 0x00007feda434f000 Uncommon trap: reason=class_check action=maybe_recompile pc=0x00007feda107bfcc method=java.lang.String.equals(Ljava/lang/Object;)Z @ 8
Event: 2.129 Thread 0x00007feda434f000 Uncommon trap: reason=class_check action=maybe_recompile pc=0x00007feda107bfcc method=java.lang.String.equals(Ljava/lang/Object;)Z @ 8
Event: 2.134 Thread 0x00007feda434f000 Uncommon trap: reason=class_check action=maybe_recompile pc=0x00007feda107bfcc method=java.lang.String.equals(Ljava/lang/Object;)Z @ 8
Event: 2.134 Thread 0x00007feda434f000 Uncommon trap: reason=class_check action=maybe_recompile pc=0x00007feda107bfcc method=java.lang.String.equals(Ljava/lang/Object;)Z @ 8

Internal exceptions (10 events):
Event: 0.125 Thread 0x00007feda400a000 Threw 0x00000007d6bd4620 at /build/openjdk-7-yI9zWD/openjdk-7-7u79-2.5.6/build/openjdk/hotspot/src/share/vm/prims/jvm.cpp:1284
Event: 0.125 Thread 0x00007feda400a000 Threw 0x00000007d6bd5020 at /build/openjdk-7-yI9zWD/openjdk-7-7u79-2.5.6/build/openjdk/hotspot/src/share/vm/prims/jvm.cpp:1284
Event: 0.125 Thread 0x00007feda400a000 Threw 0x00000007d6bd5148 at /build/openjdk-7-yI9zWD/openjdk-7-7u79-2.5.6/build/openjdk/hotspot/src/share/vm/prims/jvm.cpp:1284
Event: 0.175 Thread 0x00007feda400a000 Threw 0x00000007d6c49c98 at /build/openjdk-7-yI9zWD/openjdk-7-7u79-2.5.6/build/openjdk/hotspot/src/share/vm/prims/jvm.cpp:1284
Event: 0.251 Thread 0x00007feda400a000 Threw 0x00000007d6dee310 at /build/openjdk-7-yI9zWD/openjdk-7-7u79-2.5.6/build/openjdk/hotspot/src/share/vm/prims/jvm.cpp:1284
Event: 0.252 Thread 0x00007feda400a000 Threw 0x00000007d6df2748 at /build/openjdk-7-yI9zWD/openjdk-7-7u79-2.5.6/build/openjdk/hotspot/src/share/vm/prims/jvm.cpp:1284
Event: 0.304 Thread 0x00007feda400a000 Threw 0x00000007d6ebc120 at /build/openjdk-7-yI9zWD/openjdk-7-7u79-2.5.6/build/openjdk/hotspot/src/share/vm/prims/jvm.cpp:1284
Event: 0.304 Thread 0x00007feda400a000 Threw 0x00000007d6ebe350 at /build/openjdk-7-yI9zWD/openjdk-7-7u79-2.5.6/build/openjdk/hotspot/src/share/vm/prims/jvm.cpp:1284
Event: 0.464 Thread 0x00007feda434f000 Threw 0x00000007d74afa38 at /build/openjdk-7-yI9zWD/openjdk-7-7u79-2.5.6/build/openjdk/hotspot/src/share/vm/prims/jni.cpp:747
Event: 2.261 Thread 0x00007feda434f000 Threw 0x00000007d796f530 at /build/openjdk-7-yI9zWD/openjdk-7-7u79-2.5.6/build/openjdk/hotspot/src/share/vm/prims/jni.cpp:747

Events (10 events):
Event: 1843.145 loading class 0x00007fed68019ed0
Event: 1845.669 loading class 0x00007fed68019ed0 done
Event: 1845.669 loading class 0x00007feda41de920
Event: 1845.890 loading class 0x00007feda41de920 done
Event: 1847.110 loading class 0x00007fed68010ab0
Event: 1847.110 loading class 0x00007fed68010ab0 done
Event: 1847.151 loading class 0x00007feda8a33610
Event: 1847.151 loading class 0x00007feda8a33610 done
Event: 1847.155 Thread 0x00007fed74001000 Thread added: 0x00007fed74001000
Event: 1847.162 Thread 0x00007fed74002000 Thread added: 0x00007fed74002000


Dynamic libraries:
00400000-00401000 r-xp 00000000 08:05 10490638                           /usr/lib/jvm/java-7-openjdk-amd64/jre/bin/java
00600000-00601000 r--p 00000000 08:05 10490638                           /usr/lib/jvm/java-7-openjdk-amd64/jre/bin/java
00601000-00602000 rw-p 00001000 08:05 10490638                           /usr/lib/jvm/java-7-openjdk-amd64/jre/bin/java
011c0000-011e1000 rw-p 00000000 00:00 0                                  [heap]
779a00000-77af00000 rw-p 00000000 00:00 0 
77af00000-784000000 rw-p 00000000 00:00 0 
784000000-789280000 rw-p 00000000 00:00 0 
789280000-7d6a80000 rw-p 00000000 00:00 0 
7d6a80000-7d9400000 rw-p 00000000 00:00 0 
7d9400000-800000000 rw-p 00000000 00:00 0 
7fed38000000-7fed38021000 rw-p 00000000 00:00 0 
7fed38021000-7fed3c000000 ---p 00000000 00:00 0 
7fed40000000-7fed40021000 rw-p 00000000 00:00 0 
7fed40021000-7fed44000000 ---p 00000000 00:00 0 
7fed44000000-7fed44021000 rw-p 00000000 00:00 0 
7fed44021000-7fed48000000 ---p 00000000 00:00 0 
7fed48000000-7fed48021000 rw-p 00000000 00:00 0 
7fed48021000-7fed4c000000 ---p 00000000 00:00 0 
7fed4c000000-7fed4c021000 rw-p 00000000 00:00 0 
7fed4c021000-7fed50000000 ---p 00000000 00:00 0 
7fed50000000-7fed50021000 rw-p 00000000 00:00 0 
7fed50021000-7fed54000000 ---p 00000000 00:00 0 
7fed54000000-7fed54051000 rw-p 00000000 00:00 0 
7fed54051000-7fed58000000 ---p 00000000 00:00 0 
7fed58000000-7fed58021000 rw-p 00000000 00:00 0 
7fed58021000-7fed5c000000 ---p 00000000 00:00 0 
7fed5c000000-7fed5c021000 rw-p 00000000 00:00 0 
7fed5c021000-7fed60000000 ---p 00000000 00:00 0 
7fed60000000-7fed60021000 rw-p 00000000 00:00 0 
7fed60021000-7fed64000000 ---p 00000000 00:00 0 
7fed64000000-7fed64021000 rw-p 00000000 00:00 0 
7fed64021000-7fed68000000 ---p 00000000 00:00 0 
7fed68000000-7fed681d0000 rw-p 00000000 00:00 0 
7fed681d0000-7fed6c000000 ---p 00000000 00:00 0 
7fed6c000000-7fed6c261000 rw-p 00000000 00:00 0 
7fed6c261000-7fed70000000 ---p 00000000 00:00 0 
7fed70000000-7fed70021000 rw-p 00000000 00:00 0 
7fed70021000-7fed74000000 ---p 00000000 00:00 0 
7fed74000000-7fed74021000 rw-p 00000000 00:00 0 
7fed74021000-7fed78000000 ---p 00000000 00:00 0 
7fed78000000-7fed78021000 rw-p 00000000 00:00 0 
7fed78021000-7fed7c000000 ---p 00000000 00:00 0 
7fed7fcd0000-7fed84000000 rw-p 00000000 00:00 0 
7fed84000000-7fed84021000 rw-p 00000000 00:00 0 
7fed84021000-7fed88000000 ---p 00000000 00:00 0 
7fed88000000-7fed88021000 rw-p 00000000 00:00 0 
7fed88021000-7fed8c000000 ---p 00000000 00:00 0 
7fed8c000000-7fed8c021000 rw-p 00000000 00:00 0 
7fed8c021000-7fed90000000 ---p 00000000 00:00 0 
7fed90797000-7fed90898000 rw-p 00000000 00:00 0 
7fed90898000-7fed9089b000 ---p 00000000 00:00 0 
7fed9089b000-7fed90999000 rw-p 00000000 00:00 0                          [stack:10069]
7fed90999000-7fed9099c000 ---p 00000000 00:00 0 
7fed9099c000-7fed90a9a000 rw-p 00000000 00:00 0                          [stack:10065]
7fed90a9a000-7fed90b37000 rw-s 00000000 00:05 6881304                    /SYSV00000000 (deleted)
7fed90b37000-7fed90b3a000 ---p 00000000 00:00 0 
7fed90b3a000-7fed90c38000 rw-p 00000000 00:00 0                          [stack:9032]
7fed90c38000-7fed90c3b000 ---p 00000000 00:00 0 
7fed90c3b000-7fed90d39000 rw-p 00000000 00:00 0                          [stack:9030]
7fed90d39000-7fed90d3c000 ---p 00000000 00:00 0 
7fed90d3c000-7fed90e3a000 rw-p 00000000 00:00 0                          [stack:9029]
7fed90e3a000-7fed90e3d000 ---p 00000000 00:00 0 
7fed90e3d000-7fed90f3b000 rw-p 00000000 00:00 0                          [stack:9028]
7fed90f3b000-7fed90f3e000 ---p 00000000 00:00 0 
7fed90f3e000-7fed9103c000 rw-p 00000000 00:00 0                          [stack:9027]
7fed9103c000-7fed9104d000 r-xp 00000000 08:05 10487873                   /usr/lib/jvm/java-7-openjdk-amd64/jre/lib/amd64/libnio.so
7fed9104d000-7fed9124c000 ---p 00011000 08:05 10487873                   /usr/lib/jvm/java-7-openjdk-amd64/jre/lib/amd64/libnio.so
7fed9124c000-7fed9124d000 r--p 00010000 08:05 10487873                   /usr/lib/jvm/java-7-openjdk-amd64/jre/lib/amd64/libnio.so
7fed9124d000-7fed9124e000 rw-p 00011000 08:05 10487873                   /usr/lib/jvm/java-7-openjdk-amd64/jre/lib/amd64/libnio.so
7fed9124e000-7fed9154f000 rw-p 00000000 00:00 0 
7fed9154f000-7fed91566000 r-xp 00000000 08:05 10487868                   /usr/lib/jvm/java-7-openjdk-amd64/jre/lib/amd64/libnet.so
7fed91566000-7fed91765000 ---p 00017000 08:05 10487868                   /usr/lib/jvm/java-7-openjdk-amd64/jre/lib/amd64/libnet.so
7fed91765000-7fed91766000 r--p 00016000 08:05 10487868                   /usr/lib/jvm/java-7-openjdk-amd64/jre/lib/amd64/libnet.so
7fed91766000-7fed91767000 rw-p 00017000 08:05 10487868                   /usr/lib/jvm/java-7-openjdk-amd64/jre/lib/amd64/libnet.so
7fed91767000-7fed917ba000 r-xp 00000000 08:05 10487852                   /usr/lib/jvm/java-7-openjdk-amd64/jre/lib/amd64/libfontmanager.so
7fed917ba000-7fed919ba000 ---p 00053000 08:05 10487852                   /usr/lib/jvm/java-7-openjdk-amd64/jre/lib/amd64/libfontmanager.so
7fed919ba000-7fed919bd000 r--p 00053000 08:05 10487852                   /usr/lib/jvm/java-7-openjdk-amd64/jre/lib/amd64/libfontmanager.so
7fed919bd000-7fed919be000 rw-p 00056000 08:05 10487852                   /usr/lib/jvm/java-7-openjdk-amd64/jre/lib/amd64/libfontmanager.so
7fed919be000-7fed919c1000 ---p 00000000 00:00 0 
7fed919c1000-7fed91abf000 rw-p 00000000 00:00 0                          [stack:9026]
7fed91abf000-7fed91ac4000 r-xp 00000000 08:05 10231957                   /usr/lib/x86_64-linux-gnu/libXfixes.so.3.1.0
7fed91ac4000-7fed91cc3000 ---p 00005000 08:05 10231957                   /usr/lib/x86_64-linux-gnu/libXfixes.so.3.1.0
7fed91cc3000-7fed91cc4000 r--p 00004000 08:05 10231957                   /usr/lib/x86_64-linux-gnu/libXfixes.so.3.1.0
7fed91cc4000-7fed91cc5000 rw-p 00005000 08:05 10231957                   /usr/lib/x86_64-linux-gnu/libXfixes.so.3.1.0
7fed91cc5000-7fed91cce000 r-xp 00000000 08:05 10231949                   /usr/lib/x86_64-linux-gnu/libXcursor.so.1.0.2
7fed91cce000-7fed91ecd000 ---p 00009000 08:05 10231949                   /usr/lib/x86_64-linux-gnu/libXcursor.so.1.0.2
7fed91ecd000-7fed91ece000 r--p 00008000 08:05 10231949                   /usr/lib/x86_64-linux-gnu/libXcursor.so.1.0.2
7fed91ece000-7fed91ecf000 rw-p 00009000 08:05 10231949                   /usr/lib/x86_64-linux-gnu/libXcursor.so.1.0.2
7fed91ecf000-7fed91ed2000 r-xp 00000000 08:05 8130776                    /lib/x86_64-linux-gnu/libkeyutils.so.1.5
7fed91ed2000-7fed920d1000 ---p 00003000 08:05 8130776                    /lib/x86_64-linux-gnu/libkeyutils.so.1.5
7fed920d1000-7fed920d2000 r--p 00002000 08:05 8130776                    /lib/x86_64-linux-gnu/libkeyutils.so.1.5
7fed920d2000-7fed920d3000 rw-p 00003000 08:05 8130776                    /lib/x86_64-linux-gnu/libkeyutils.so.1.5
7fed920d3000-7fed9213f000 r-xp 00000000 08:05 8126561                    /lib/x86_64-linux-gnu/libpcre.so.3.13.1
7fed9213f000-7fed9233e000 ---p 0006c000 08:05 8126561                    /lib/x86_64-linux-gnu/libpcre.so.3.13.1
7fed9233e000-7fed9233f000 r--p 0006b000 08:05 8126561                    /lib/x86_64-linux-gnu/libpcre.so.3.13.1
7fed9233f000-7fed92340000 rw-p 0006c000 08:05 8126561                    /lib/x86_64-linux-gnu/libpcre.so.3.13.1
7fed92340000-7fed92365000 r-xp 00000000 08:05 8130853                    /lib/x86_64-linux-gnu/libpng12.so.0.51.0
7fed92365000-7fed92564000 ---p 00025000 08:05 8130853                    /lib/x86_64-linux-gnu/libpng12.so.0.51.0
7fed92564000-7fed92565000 r--p 00024000 08:05 8130853                    /lib/x86_64-linux-gnu/libpng12.so.0.51.0
7fed92565000-7fed92566000 rw-p 00025000 08:05 8130853                    /lib/x86_64-linux-gnu/libpng12.so.0.51.0
7fed92566000-7fed925ac000 r-xp 00000000 08:05 8130739                    /lib/x86_64-linux-gnu/libdbus-1.so.3.8.9
7fed925ac000-7fed927ac000 ---p 00046000 08:05 8130739                    /lib/x86_64-linux-gnu/libdbus-1.so.3.8.9
7fed927ac000-7fed927ad000 r--p 00046000 08:05 8130739                    /lib/x86_64-linux-gnu/libdbus-1.so.3.8.9
7fed927ad000-7fed927ae000 rw-p 00047000 08:05 8130739                    /lib/x86_64-linux-gnu/libdbus-1.so.3.8.9
7fed927ae000-7fed9282c000 r-xp 00000000 08:05 10232380                   /usr/lib/x86_64-linux-gnu/libgmp.so.10.2.0
7fed9282c000-7fed92a2c000 ---p 0007e000 08:05 10232380                   /usr/lib/x86_64-linux-gnu/libgmp.so.10.2.0
7fed92a2c000-7fed92a2d000 r--p 0007e000 08:05 10232380                   /usr/lib/x86_64-linux-gnu/libgmp.so.10.2.0
7fed92a2d000-7fed92a2e000 rw-p 0007f000 08:05 10232380                   /usr/lib/x86_64-linux-gnu/libgmp.so.10.2.0
7fed92a2e000-7fed92a5b000 r-xp 00000000 08:05 10232540                   /usr/lib/x86_64-linux-gnu/libhogweed.so.2.5
7fed92a5b000-7fed92c5a000 ---p 0002d000 08:05 10232540                   /usr/lib/x86_64-linux-gnu/libhogweed.so.2.5
7fed92c5a000-7fed92c5b000 r--p 0002c000 08:05 10232540                   /usr/lib/x86_64-linux-gnu/libhogweed.so.2.5
7fed92c5b000-7fed92c5c000 rw-p 0002d000 08:05 10232540                   /usr/lib/x86_64-linux-gnu/libhogweed.so.2.5
7fed92c5c000-7fed92c8c000 r-xp 00000000 08:05 10232684                   /usr/lib/x86_64-linux-gnu/libnettle.so.4.7
7fed92c8c000-7fed92e8b000 ---p 00030000 08:05 10232684                   /usr/lib/x86_64-linux-gnu/libnettle.so.4.7
7fed92e8b000-7fed92e8c000 r--p 0002f000 08:05 10232684                   /usr/lib/x86_64-linux-gnu/libnettle.so.4.7
7fed92e8c000-7fed92e8d000 rw-p 00030000 08:05 10232684                   /usr/lib/x86_64-linux-gnu/libnettle.so.4.7
7fed92e8d000-7fed92e9e000 r-xp 00000000 08:05 10224857                   /usr/lib/x86_64-linux-gnu/libtasn1.so.6.3.2
7fed92e9e000-7fed9309e000 ---p 00011000 08:05 10224857                   /usr/lib/x86_64-linux-gnu/libtasn1.so.6.3.2
7fed9309e000-7fed930a0000 r--p 00011000 08:05 10224857                   /usr/lib/x86_64-linux-gnu/libtasn1.so.6.3.2
7fed930a0000-7fed930a1000 rw-p 00013000 08:05 10224857                   /usr/lib/x86_64-linux-gnu/libtasn1.so.6.3.2
7fed930a1000-7fed930dd000 r-xp 00000000 08:05 10232735                   /usr/lib/x86_64-linux-gnu/libp11-kit.so.0.0.0
7fed930dd000-7fed932dc000 ---p 0003c000 08:05 10232735                   /usr/lib/x86_64-linux-gnu/libp11-kit.so.0.0.0
7fed932dc000-7fed932e5000 r--p 0003b000 08:05 10232735                   /usr/lib/x86_64-linux-gnu/libp11-kit.so.0.0.0
7fed932e5000-7fed932e7000 rw-p 00044000 08:05 10232735                   /usr/lib/x86_64-linux-gnu/libp11-kit.so.0.0.0
7fed932e7000-7fed932f1000 r-xp 00000000 08:05 10232605                   /usr/lib/x86_64-linux-gnu/libkrb5support.so.0.1
7fed932f1000-7fed934f0000 ---p 0000a000 08:05 10232605                   /usr/lib/x86_64-linux-gnu/libkrb5support.so.0.1
7fed934f0000-7fed934f1000 r--p 00009000 08:05 10232605                   /usr/lib/x86_64-linux-gnu/libkrb5support.so.0.1
7fed934f1000-7fed934f2000 rw-p 0000a000 08:05 10232605                   /usr/lib/x86_64-linux-gnu/libkrb5support.so.0.1
7fed934f2000-7fed934f5000 r-xp 00000000 08:05 8130734                    /lib/x86_64-linux-gnu/libcom_err.so.2.1
7fed934f5000-7fed936f4000 ---p 00003000 08:05 8130734                    /lib/x86_64-linux-gnu/libcom_err.so.2.1
7fed936f4000-7fed936f5000 r--p 00002000 08:05 8130734                    /lib/x86_64-linux-gnu/libcom_err.so.2.1
7fed936f5000-7fed936f6000 rw-p 00003000 08:05 8130734                    /lib/x86_64-linux-gnu/libcom_err.so.2.1
7fed936f6000-7fed93724000 r-xp 00000000 08:05 10232599                   /usr/lib/x86_64-linux-gnu/libk5crypto.so.3.1
7fed93724000-7fed93923000 ---p 0002e000 08:05 10232599                   /usr/lib/x86_64-linux-gnu/libk5crypto.so.3.1
7fed93923000-7fed93925000 r--p 0002d000 08:05 10232599                   /usr/lib/x86_64-linux-gnu/libk5crypto.so.3.1
7fed93925000-7fed93926000 rw-p 0002f000 08:05 10232599                   /usr/lib/x86_64-linux-gnu/libk5crypto.so.3.1
7fed93926000-7fed93927000 rw-p 00000000 00:00 0 
7fed93927000-7fed939e7000 r-xp 00000000 08:05 10232603                   /usr/lib/x86_64-linux-gnu/libkrb5.so.3.3
7fed939e7000-7fed93be7000 ---p 000c0000 08:05 10232603                   /usr/lib/x86_64-linux-gnu/libkrb5.so.3.3
7fed93be7000-7fed93bf4000 r--p 000c0000 08:05 10232603                   /usr/lib/x86_64-linux-gnu/libkrb5.so.3.3
7fed93bf4000-7fed93bf6000 rw-p 000cd000 08:05 10232603                   /usr/lib/x86_64-linux-gnu/libkrb5.so.3.3
7fed93bf6000-7fed93bfb000 r-xp 00000000 08:05 10231953                   /usr/lib/x86_64-linux-gnu/libXdmcp.so.6.0.0
7fed93bfb000-7fed93dfa000 ---p 00005000 08:05 10231953                   /usr/lib/x86_64-linux-gnu/libXdmcp.so.6.0.0
7fed93dfa000-7fed93dfb000 r--p 00004000 08:05 10231953                   /usr/lib/x86_64-linux-gnu/libXdmcp.so.6.0.0
7fed93dfb000-7fed93dfc000 rw-p 00005000 08:05 10231953                   /usr/lib/x86_64-linux-gnu/libXdmcp.so.6.0.0
7fed93dfc000-7fed93dfe000 r-xp 00000000 08:05 10231942                   /usr/lib/x86_64-linux-gnu/libXau.so.6.0.0
7fed93dfe000-7fed93ffe000 ---p 00002000 08:05 10231942                   /usr/lib/x86_64-linux-gnu/libXau.so.6.0.0
7fed93ffe000-7fed93fff000 r--p 00002000 08:05 10231942                   /usr/lib/x86_64-linux-gnu/libXau.so.6.0.0
7fed93fff000-7fed94000000 rw-p 00003000 08:05 10231942                   /usr/lib/x86_64-linux-gnu/libXau.so.6.0.0
7fed94000000-7fed94021000 rw-p 00000000 00:00 0 
7fed94021000-7fed98000000 ---p 00000000 00:00 0 
7fed98030000-7fed98033000 ---p 00000000 00:00 0 
7fed98033000-7fed98131000 rw-p 00000000 00:00 0                          [stack:9025]
7fed98131000-7fed98138000 r-xp 00000000 08:05 10232261                   /usr/lib/x86_64-linux-gnu/libffi.so.6.0.4
7fed98138000-7fed98337000 ---p 00007000 08:05 10232261                   /usr/lib/x86_64-linux-gnu/libffi.so.6.0.4
7fed98337000-7fed98338000 r--p 00006000 08:05 10232261                   /usr/lib/x86_64-linux-gnu/libffi.so.6.0.4
7fed98338000-7fed98339000 rw-p 00007000 08:05 10232261                   /usr/lib/x86_64-linux-gnu/libffi.so.6.0.4
7fed98339000-7fed98350000 r-xp 00000000 08:05 8130864                    /lib/x86_64-linux-gnu/libresolv-2.21.so
7fed98350000-7fed98550000 ---p 00017000 08:05 8130864                    /lib/x86_64-linux-gnu/libresolv-2.21.so
7fed98550000-7fed98552000 r--p 00017000 08:05 8130864                    /lib/x86_64-linux-gnu/libresolv-2.21.so
7fed98552000-7fed98553000 rw-p 00019000 08:05 8130864                    /lib/x86_64-linux-gnu/libresolv-2.21.so
7fed98553000-7fed98555000 rw-p 00000000 00:00 0 
7fed98555000-7fed98576000 r-xp 00000000 08:05 8130868                    /lib/x86_64-linux-gnu/libselinux.so.1
7fed98576000-7fed98775000 ---p 00021000 08:05 8130868                    /lib/x86_64-linux-gnu/libselinux.so.1
7fed98775000-7fed98776000 r--p 00020000 08:05 8130868                    /lib/x86_64-linux-gnu/libselinux.so.1
7fed98776000-7fed98777000 rw-p 00021000 08:05 8130868                    /lib/x86_64-linux-gnu/libselinux.so.1
7fed98777000-7fed98779000 rw-p 00000000 00:00 0 
7fed98779000-7fed98886000 r-xp 00000000 08:05 8130629                    /lib/x86_64-linux-gnu/libglib-2.0.so.0.4400.1
7fed98886000-7fed98a85000 ---p 0010d000 08:05 8130629                    /lib/x86_64-linux-gnu/libglib-2.0.so.0.4400.1
7fed98a85000-7fed98a86000 r--p 0010c000 08:05 8130629                    /lib/x86_64-linux-gnu/libglib-2.0.so.0.4400.1
7fed98a86000-7fed98a87000 rw-p 0010d000 08:05 8130629                    /lib/x86_64-linux-gnu/libglib-2.0.so.0.4400.1
7fed98a87000-7fed98a88000 rw-p 00000000 00:00 0 
7fed98a88000-7fed98a8b000 r-xp 00000000 08:05 10224039                   /usr/lib/x86_64-linux-gnu/libgmodule-2.0.so.0.4400.1
7fed98a8b000-7fed98c8a000 ---p 00003000 08:05 10224039                   /usr/lib/x86_64-linux-gnu/libgmodule-2.0.so.0.4400.1
7fed98c8a000-7fed98c8b000 r--p 00002000 08:05 10224039                   /usr/lib/x86_64-linux-gnu/libgmodule-2.0.so.0.4400.1
7fed98c8b000-7fed98c8c000 rw-p 00003000 08:05 10224039                   /usr/lib/x86_64-linux-gnu/libgmodule-2.0.so.0.4400.1
7fed98c8c000-7fed98cb2000 r-xp 00000000 08:05 8130617                    /lib/x86_64-linux-gnu/libexpat.so.1.6.0
7fed98cb2000-7fed98eb1000 ---p 00026000 08:05 8130617                    /lib/x86_64-linux-gnu/libexpat.so.1.6.0
7fed98eb1000-7fed98eb4000 r--p 00025000 08:05 8130617                    /lib/x86_64-linux-gnu/libexpat.so.1.6.0
7fed98eb4000-7fed98eb5000 rw-p 00028000 08:05 8130617                    /lib/x86_64-linux-gnu/libexpat.so.1.6.0
7fed98eb5000-7fed98f57000 r-xp 00000000 08:05 10223923                   /usr/lib/x86_64-linux-gnu/libfreetype.so.6.11.1
7fed98f57000-7fed99156000 ---p 000a2000 08:05 10223923                   /usr/lib/x86_64-linux-gnu/libfreetype.so.6.11.1
7fed99156000-7fed9915c000 r--p 000a1000 08:05 10223923                   /usr/lib/x86_64-linux-gnu/libfreetype.so.6.11.1
7fed9915c000-7fed9915d000 rw-p 000a7000 08:05 10223923                   /usr/lib/x86_64-linux-gnu/libfreetype.so.6.11.1
7fed9915d000-7fed9916d000 r-xp 00000000 08:05 10232046                   /usr/lib/x86_64-linux-gnu/libavahi-client.so.3.2.9
7fed9916d000-7fed9936c000 ---p 00010000 08:05 10232046                   /usr/lib/x86_64-linux-gnu/libavahi-client.so.3.2.9
7fed9936c000-7fed9936d000 r--p 0000f000 08:05 10232046                   /usr/lib/x86_64-linux-gnu/libavahi-client.so.3.2.9
7fed9936d000-7fed9936e000 rw-p 00010000 08:05 10232046                   /usr/lib/x86_64-linux-gnu/libavahi-client.so.3.2.9
7fed9936e000-7fed99379000 r-xp 00000000 08:05 10232048                   /usr/lib/x86_64-linux-gnu/libavahi-common.so.3.5.3
7fed99379000-7fed99578000 ---p 0000b000 08:05 10232048                   /usr/lib/x86_64-linux-gnu/libavahi-common.so.3.5.3
7fed99578000-7fed99579000 r--p 0000a000 08:05 10232048                   /usr/lib/x86_64-linux-gnu/libavahi-common.so.3.5.3
7fed99579000-7fed9957a000 rw-p 0000b000 08:05 10232048                   /usr/lib/x86_64-linux-gnu/libavahi-common.so.3.5.3
7fed9957a000-7fed99689000 r-xp 00000000 08:05 10224859                   /usr/lib/x86_64-linux-gnu/libgnutls-deb0.so.28.41.0
7fed99689000-7fed99889000 ---p 0010f000 08:05 10224859                   /usr/lib/x86_64-linux-gnu/libgnutls-deb0.so.28.41.0
7fed99889000-7fed99892000 r--p 0010f000 08:05 10224859                   /usr/lib/x86_64-linux-gnu/libgnutls-deb0.so.28.41.0
7fed99892000-7fed99894000 rw-p 00118000 08:05 10224859                   /usr/lib/x86_64-linux-gnu/libgnutls-deb0.so.28.41.0
7fed99894000-7fed998d9000 r-xp 00000000 08:05 10232423                   /usr/lib/x86_64-linux-gnu/libgssapi_krb5.so.2.2
7fed998d9000-7fed99ad8000 ---p 00045000 08:05 10232423                   /usr/lib/x86_64-linux-gnu/libgssapi_krb5.so.2.2
7fed99ad8000-7fed99ada000 r--p 00044000 08:05 10232423                   /usr/lib/x86_64-linux-gnu/libgssapi_krb5.so.2.2
7fed99ada000-7fed99adb000 rw-p 00046000 08:05 10232423                   /usr/lib/x86_64-linux-gnu/libgssapi_krb5.so.2.2
7fed99adb000-7fed99adc000 rw-p 00000000 00:00 0 
7fed99adc000-7fed99af9000 r-xp 00000000 08:05 10233140                   /usr/lib/x86_64-linux-gnu/libxcb.so.1.1.0
7fed99af9000-7fed99cf9000 ---p 0001d000 08:05 10233140                   /usr/lib/x86_64-linux-gnu/libxcb.so.1.1.0
7fed99cf9000-7fed99cfa000 r--p 0001d000 08:05 10233140                   /usr/lib/x86_64-linux-gnu/libxcb.so.1.1.0
7fed99cfa000-7fed99cfb000 rw-p 0001e000 08:05 10233140                   /usr/lib/x86_64-linux-gnu/libxcb.so.1.1.0
7fed99cfb000-7fed99d4b000 r-xp 00000000 08:05 10223999                   /usr/lib/x86_64-linux-gnu/libgobject-2.0.so.0.4400.1
7fed99d4b000-7fed99f4b000 ---p 00050000 08:05 10223999                   /usr/lib/x86_64-linux-gnu/libgobject-2.0.so.0.4400.1
7fed99f4b000-7fed99f4c000 r--p 00050000 08:05 10223999                   /usr/lib/x86_64-linux-gnu/libgobject-2.0.so.0.4400.1
7fed99f4c000-7fed99f4d000 rw-p 00051000 08:05 10223999                   /usr/lib/x86_64-linux-gnu/libgobject-2.0.so.0.4400.1
7fed99f4d000-7fed9a0c5000 r-xp 00000000 08:05 10224021                   /usr/lib/x86_64-linux-gnu/libgio-2.0.so.0.4400.1
7fed9a0c5000-7fed9a2c5000 ---p 00178000 08:05 10224021                   /usr/lib/x86_64-linux-gnu/libgio-2.0.so.0.4400.1
7fed9a2c5000-7fed9a2c9000 r--p 00178000 08:05 10224021                   /usr/lib/x86_64-linux-gnu/libgio-2.0.so.0.4400.1
7fed9a2c9000-7fed9a2cb000 rw-p 0017c000 08:05 10224021                   /usr/lib/x86_64-linux-gnu/libgio-2.0.so.0.4400.1
7fed9a2cb000-7fed9a2cd000 rw-p 00000000 00:00 0 
7fed9a2cd000-7fed9a309000 r-xp 00000000 08:05 10232275                   /usr/lib/x86_64-linux-gnu/libfontconfig.so.1.8.0
7fed9a309000-7fed9a508000 ---p 0003c000 08:05 10232275                   /usr/lib/x86_64-linux-gnu/libfontconfig.so.1.8.0
7fed9a508000-7fed9a50a000 r--p 0003b000 08:05 10232275                   /usr/lib/x86_64-linux-gnu/libfontconfig.so.1.8.0
7fed9a50a000-7fed9a50b000 rw-p 0003d000 08:05 10232275                   /usr/lib/x86_64-linux-gnu/libfontconfig.so.1.8.0
7fed9a50b000-7fed9a580000 r-xp 00000000 08:05 10223743                   /usr/lib/x86_64-linux-gnu/libcups.so.2
7fed9a580000-7fed9a77f000 ---p 00075000 08:05 10223743                   /usr/lib/x86_64-linux-gnu/libcups.so.2
7fed9a77f000-7fed9a787000 r--p 00274000 08:05 10223743                   /usr/lib/x86_64-linux-gnu/libcups.so.2
7fed9a787000-7fed9a788000 rw-p 0027c000 08:05 10223743                   /usr/lib/x86_64-linux-gnu/libcups.so.2
7fed9a788000-7fed9a797000 r-xp 00000000 08:05 10231963                   /usr/lib/x86_64-linux-gnu/libXi.so.6.1.0
7fed9a797000-7fed9a996000 ---p 0000f000 08:05 10231963                   /usr/lib/x86_64-linux-gnu/libXi.so.6.1.0
7fed9a996000-7fed9a997000 r--p 0000e000 08:05 10231963                   /usr/lib/x86_64-linux-gnu/libXi.so.6.1.0
7fed9a997000-7fed9a998000 rw-p 0000f000 08:05 10231963                   /usr/lib/x86_64-linux-gnu/libXi.so.6.1.0
7fed9a998000-7fed9a99d000 r-xp 00000000 08:05 10231983                   /usr/lib/x86_64-linux-gnu/libXtst.so.6.1.0
7fed9a99d000-7fed9ab9c000 ---p 00005000 08:05 10231983                   /usr/lib/x86_64-linux-gnu/libXtst.so.6.1.0
7fed9ab9c000-7fed9ab9d000 r--p 00004000 08:05 10231983                   /usr/lib/x86_64-linux-gnu/libXtst.so.6.1.0
7fed9ab9d000-7fed9ab9e000 rw-p 00005000 08:05 10231983                   /usr/lib/x86_64-linux-gnu/libXtst.so.6.1.0
7fed9ab9e000-7fed9aba7000 r-xp 00000000 08:05 10231977                   /usr/lib/x86_64-linux-gnu/libXrender.so.1.3.0
7fed9aba7000-7fed9ada6000 ---p 00009000 08:05 10231977                   /usr/lib/x86_64-linux-gnu/libXrender.so.1.3.0
7fed9ada6000-7fed9ada7000 r--p 00008000 08:05 10231977                   /usr/lib/x86_64-linux-gnu/libXrender.so.1.3.0
7fed9ada7000-7fed9ada8000 rw-p 00009000 08:05 10231977                   /usr/lib/x86_64-linux-gnu/libXrender.so.1.3.0
7fed9ada8000-7fed9aedb000 r-xp 00000000 08:05 10231938                   /usr/lib/x86_64-linux-gnu/libX11.so.6.3.0
7fed9aedb000-7fed9b0db000 ---p 00133000 08:05 10231938                   /usr/lib/x86_64-linux-gnu/libX11.so.6.3.0
7fed9b0db000-7fed9b0dc000 r--p 00133000 08:05 10231938                   /usr/lib/x86_64-linux-gnu/libX11.so.6.3.0
7fed9b0dc000-7fed9b0e0000 rw-p 00134000 08:05 10231938                   /usr/lib/x86_64-linux-gnu/libX11.so.6.3.0
7fed9b0e0000-7fed9b0e1000 rw-p 00000000 00:00 0 
7fed9b0e1000-7fed9b0f2000 r-xp 00000000 08:05 10231955                   /usr/lib/x86_64-linux-gnu/libXext.so.6.4.0
7fed9b0f2000-7fed9b2f1000 ---p 00011000 08:05 10231955                   /usr/lib/x86_64-linux-gnu/libXext.so.6.4.0
7fed9b2f1000-7fed9b2f2000 r--p 00010000 08:05 10231955                   /usr/lib/x86_64-linux-gnu/libXext.so.6.4.0
7fed9b2f2000-7fed9b2f3000 rw-p 00011000 08:05 10231955                   /usr/lib/x86_64-linux-gnu/libXext.so.6.4.0
7fed9b2f3000-7fed9b33c000 r-xp 00000000 08:05 10491012                   /usr/lib/jvm/java-7-openjdk-amd64/jre/lib/amd64/xawt/libmawt.so
7fed9b33c000-7fed9b53b000 ---p 00049000 08:05 10491012                   /usr/lib/jvm/java-7-openjdk-amd64/jre/lib/amd64/xawt/libmawt.so
7fed9b53b000-7fed9b53c000 r--p 00048000 08:05 10491012                   /usr/lib/jvm/java-7-openjdk-amd64/jre/lib/amd64/xawt/libmawt.so
7fed9b53c000-7fed9b53f000 rw-p 00049000 08:05 10491012                   /usr/lib/jvm/java-7-openjdk-amd64/jre/lib/amd64/xawt/libmawt.so
7fed9b53f000-7fed9b540000 rw-p 00000000 00:00 0 
7fed9b540000-7fed9b5e1000 r-xp 00000000 08:05 10487854                   /usr/lib/jvm/java-7-openjdk-amd64/jre/lib/amd64/libawt.so
7fed9b5e1000-7fed9b7e0000 ---p 000a1000 08:05 10487854                   /usr/lib/jvm/java-7-openjdk-amd64/jre/lib/amd64/libawt.so
7fed9b7e0000-7fed9b7e1000 r--p 000a0000 08:05 10487854                   /usr/lib/jvm/java-7-openjdk-amd64/jre/lib/amd64/libawt.so
7fed9b7e1000-7fed9b7ec000 rw-p 000a1000 08:05 10487854                   /usr/lib/jvm/java-7-openjdk-amd64/jre/lib/amd64/libawt.so
7fed9b7ec000-7fed9b811000 rw-p 00000000 00:00 0 
7fed9b811000-7fed9b812000 ---p 00000000 00:00 0 
7fed9b812000-7fed9b912000 rw-p 00000000 00:00 0                          [stack:9024]
7fed9b912000-7fed9c000000 r--p 00000000 08:05 10230981                   /usr/lib/locale/locale-archive
7fed9c000000-7fed9c021000 rw-p 00000000 00:00 0 
7fed9c021000-7feda0000000 ---p 00000000 00:00 0 
7feda00af000-7feda00b2000 ---p 00000000 00:00 0 
7feda00b2000-7feda01b0000 rw-p 00000000 00:00 0                          [stack:9023]
7feda01b0000-7feda01b3000 ---p 00000000 00:00 0 
7feda01b3000-7feda02b1000 rw-p 00000000 00:00 0                          [stack:9022]
7feda02b1000-7feda02b4000 ---p 00000000 00:00 0 
7feda02b4000-7feda03b2000 rw-p 00000000 00:00 0                          [stack:9021]
7feda03b2000-7feda03b5000 ---p 00000000 00:00 0 
7feda03b5000-7feda04b3000 rw-p 00000000 00:00 0                          [stack:9020]
7feda04b3000-7feda04b6000 ---p 00000000 00:00 0 
7feda04b6000-7feda05b4000 rw-p 00000000 00:00 0                          [stack:9019]
7feda05b4000-7feda05b7000 ---p 00000000 00:00 0 
7feda05b7000-7feda06b5000 rw-p 00000000 00:00 0                          [stack:9018]
7feda06b5000-7feda06b6000 ---p 00000000 00:00 0 
7feda06b6000-7feda1000000 rw-p 00000000 00:00 0                          [stack:9017]
7feda1000000-7feda1270000 rwxp 00000000 00:00 0 
7feda1270000-7feda4362000 rw-p 00000000 00:00 0 
7feda4362000-7feda8000000 ---p 00000000 00:00 0 
7feda8007000-7feda87ba000 rw-p 00000000 00:00 0 
7feda87ba000-7feda896b000 r--s 01d29000 08:05 10487803                   /usr/lib/jvm/java-7-openjdk-amd64/jre/lib/rt.jar
7feda896b000-7feda8ec1000 rw-p 00000000 00:00 0 
7feda8ec1000-7feda8ec2000 ---p 00000000 00:00 0 
7feda8ec2000-7feda8fc2000 rw-p 00000000 00:00 0                          [stack:9016]
7feda8fc2000-7feda8fc3000 ---p 00000000 00:00 0 
7feda8fc3000-7feda90c3000 rw-p 00000000 00:00 0                          [stack:9015]
7feda90c3000-7feda90c4000 ---p 00000000 00:00 0 
7feda90c4000-7feda91c4000 rw-p 00000000 00:00 0                          [stack:9014]
7feda91c4000-7feda91c5000 ---p 00000000 00:00 0 
7feda91c5000-7feda92d0000 rw-p 00000000 00:00 0                          [stack:9013]
7feda92d0000-7feda9318000 rw-p 00000000 00:00 0 
7feda9318000-7feda9342000 rw-p 00000000 00:00 0 
7feda9342000-7feda95ae000 rw-p 00000000 00:00 0 
7feda95ae000-7feda95b9000 rw-p 00000000 00:00 0 
7feda95b9000-7feda9601000 rw-p 00000000 00:00 0 
7feda9601000-7feda962b000 rw-p 00000000 00:00 0 
7feda962b000-7feda9896000 rw-p 00000000 00:00 0 
7feda9896000-7feda98ab000 rw-p 00000000 00:00 0 
7feda98ab000-7feda99e1000 rw-p 00000000 00:00 0 
7feda99e1000-7feda99e2000 rw-p 00000000 00:00 0 
7feda99e2000-7feda99ea000 r-xp 00000000 08:05 10487839                   /usr/lib/jvm/java-7-openjdk-amd64/jre/lib/amd64/libzip.so
7feda99ea000-7feda9be9000 ---p 00008000 08:05 10487839                   /usr/lib/jvm/java-7-openjdk-amd64/jre/lib/amd64/libzip.so
7feda9be9000-7feda9bea000 r--p 00007000 08:05 10487839                   /usr/lib/jvm/java-7-openjdk-amd64/jre/lib/amd64/libzip.so
7feda9bea000-7feda9beb000 rw-p 00008000 08:05 10487839                   /usr/lib/jvm/java-7-openjdk-amd64/jre/lib/amd64/libzip.so
7feda9beb000-7feda9bf7000 r-xp 00000000 08:05 8130811                    /lib/x86_64-linux-gnu/libnss_files-2.21.so
7feda9bf7000-7feda9df6000 ---p 0000c000 08:05 8130811                    /lib/x86_64-linux-gnu/libnss_files-2.21.so
7feda9df6000-7feda9df7000 r--p 0000b000 08:05 8130811                    /lib/x86_64-linux-gnu/libnss_files-2.21.so
7feda9df7000-7feda9df8000 rw-p 0000c000 08:05 8130811                    /lib/x86_64-linux-gnu/libnss_files-2.21.so
7feda9df8000-7feda9e03000 r-xp 00000000 08:05 8130821                    /lib/x86_64-linux-gnu/libnss_nis-2.21.so
7feda9e03000-7fedaa002000 ---p 0000b000 08:05 8130821                    /lib/x86_64-linux-gnu/libnss_nis-2.21.so
7fedaa002000-7fedaa003000 r--p 0000a000 08:05 8130821                    /lib/x86_64-linux-gnu/libnss_nis-2.21.so
7fedaa003000-7fedaa004000 rw-p 0000b000 08:05 8130821                    /lib/x86_64-linux-gnu/libnss_nis-2.21.so
7fedaa004000-7fedaa01b000 r-xp 00000000 08:05 8130805                    /lib/x86_64-linux-gnu/libnsl-2.21.so
7fedaa01b000-7fedaa21a000 ---p 00017000 08:05 8130805                    /lib/x86_64-linux-gnu/libnsl-2.21.so
7fedaa21a000-7fedaa21b000 r--p 00016000 08:05 8130805                    /lib/x86_64-linux-gnu/libnsl-2.21.so
7fedaa21b000-7fedaa21c000 rw-p 00017000 08:05 8130805                    /lib/x86_64-linux-gnu/libnsl-2.21.so
7fedaa21c000-7fedaa21e000 rw-p 00000000 00:00 0 
7fedaa21e000-7fedaa226000 r-xp 00000000 08:05 8130807                    /lib/x86_64-linux-gnu/libnss_compat-2.21.so
7fedaa226000-7fedaa425000 ---p 00008000 08:05 8130807                    /lib/x86_64-linux-gnu/libnss_compat-2.21.so
7fedaa425000-7fedaa426000 r--p 00007000 08:05 8130807                    /lib/x86_64-linux-gnu/libnss_compat-2.21.so
7fedaa426000-7fedaa427000 rw-p 00008000 08:05 8130807                    /lib/x86_64-linux-gnu/libnss_compat-2.21.so
7fedaa427000-7fedaa454000 r-xp 00000000 08:05 10487876                   /usr/lib/jvm/java-7-openjdk-amd64/jre/lib/amd64/libjava.so
7fedaa454000-7fedaa653000 ---p 0002d000 08:05 10487876                   /usr/lib/jvm/java-7-openjdk-amd64/jre/lib/amd64/libjava.so
7fedaa653000-7fedaa654000 r--p 0002c000 08:05 10487876                   /usr/lib/jvm/java-7-openjdk-amd64/jre/lib/amd64/libjava.so
7fedaa654000-7fedaa656000 rw-p 0002d000 08:05 10487876                   /usr/lib/jvm/java-7-openjdk-amd64/jre/lib/amd64/libjava.so
7fedaa656000-7fedaa665000 r-xp 00000000 08:05 10487857                   /usr/lib/jvm/java-7-openjdk-amd64/jre/lib/amd64/libverify.so
7fedaa665000-7fedaa864000 ---p 0000f000 08:05 10487857                   /usr/lib/jvm/java-7-openjdk-amd64/jre/lib/amd64/libverify.so
7fedaa864000-7fedaa867000 r--p 0000e000 08:05 10487857                   /usr/lib/jvm/java-7-openjdk-amd64/jre/lib/amd64/libverify.so
7fedaa867000-7fedaa868000 rw-p 00011000 08:05 10487857                   /usr/lib/jvm/java-7-openjdk-amd64/jre/lib/amd64/libverify.so
7fedaa868000-7fedaa86f000 r-xp 00000000 08:05 8130866                    /lib/x86_64-linux-gnu/librt-2.21.so
7fedaa86f000-7fedaaa6e000 ---p 00007000 08:05 8130866                    /lib/x86_64-linux-gnu/librt-2.21.so
7fedaaa6e000-7fedaaa6f000 r--p 00006000 08:05 8130866                    /lib/x86_64-linux-gnu/librt-2.21.so
7fedaaa6f000-7fedaaa70000 rw-p 00007000 08:05 8130866                    /lib/x86_64-linux-gnu/librt-2.21.so
7fedaaa70000-7fedaaa86000 r-xp 00000000 08:05 8126479                    /lib/x86_64-linux-gnu/libgcc_s.so.1
7fedaaa86000-7fedaac85000 ---p 00016000 08:05 8126479                    /lib/x86_64-linux-gnu/libgcc_s.so.1
7fedaac85000-7fedaac86000 rw-p 00015000 08:05 8126479                    /lib/x86_64-linux-gnu/libgcc_s.so.1
7fedaac86000-7fedaad8d000 r-xp 00000000 08:05 8130784                    /lib/x86_64-linux-gnu/libm-2.21.so
7fedaad8d000-7fedaaf8c000 ---p 00107000 08:05 8130784                    /lib/x86_64-linux-gnu/libm-2.21.so
7fedaaf8c000-7fedaaf8d000 r--p 00106000 08:05 8130784                    /lib/x86_64-linux-gnu/libm-2.21.so
7fedaaf8d000-7fedaaf8e000 rw-p 00107000 08:05 8130784                    /lib/x86_64-linux-gnu/libm-2.21.so
7fedaaf8e000-7fedab07e000 r-xp 00000000 08:05 10232934                   /usr/lib/x86_64-linux-gnu/libstdc++.so.6.0.20
7fedab07e000-7fedab27e000 ---p 000f0000 08:05 10232934                   /usr/lib/x86_64-linux-gnu/libstdc++.so.6.0.20
7fedab27e000-7fedab286000 r--p 000f0000 08:05 10232934                   /usr/lib/x86_64-linux-gnu/libstdc++.so.6.0.20
7fedab286000-7fedab288000 rw-p 000f8000 08:05 10232934                   /usr/lib/x86_64-linux-gnu/libstdc++.so.6.0.20
7fedab288000-7fedab29d000 rw-p 00000000 00:00 0 
7fedab29d000-7fedabdf5000 r-xp 00000000 08:05 10487845                   /usr/lib/jvm/java-7-openjdk-amd64/jre/lib/amd64/server/libjvm.so
7fedabdf5000-7fedabff4000 ---p 00b58000 08:05 10487845                   /usr/lib/jvm/java-7-openjdk-amd64/jre/lib/amd64/server/libjvm.so
7fedabff4000-7fedac093000 r--p 00b57000 08:05 10487845                   /usr/lib/jvm/java-7-openjdk-amd64/jre/lib/amd64/server/libjvm.so
7fedac093000-7fedac0b6000 rw-p 00bf6000 08:05 10487845                   /usr/lib/jvm/java-7-openjdk-amd64/jre/lib/amd64/server/libjvm.so
7fedac0b6000-7fedac0e3000 rw-p 00000000 00:00 0 
7fedac0e3000-7fedac0fc000 r-xp 00000000 08:05 8130899                    /lib/x86_64-linux-gnu/libz.so.1.2.8
7fedac0fc000-7fedac2fc000 ---p 00019000 08:05 8130899                    /lib/x86_64-linux-gnu/libz.so.1.2.8
7fedac2fc000-7fedac2fd000 r--p 00019000 08:05 8130899                    /lib/x86_64-linux-gnu/libz.so.1.2.8
7fedac2fd000-7fedac2fe000 rw-p 0001a000 08:05 8130899                    /lib/x86_64-linux-gnu/libz.so.1.2.8
7fedac2fe000-7fedac316000 r-xp 00000000 08:05 8130858                    /lib/x86_64-linux-gnu/libpthread-2.21.so
7fedac316000-7fedac516000 ---p 00018000 08:05 8130858                    /lib/x86_64-linux-gnu/libpthread-2.21.so
7fedac516000-7fedac517000 r--p 00018000 08:05 8130858                    /lib/x86_64-linux-gnu/libpthread-2.21.so
7fedac517000-7fedac518000 rw-p 00019000 08:05 8130858                    /lib/x86_64-linux-gnu/libpthread-2.21.so
7fedac518000-7fedac51c000 rw-p 00000000 00:00 0 
7fedac51c000-7fedac51f000 r-xp 00000000 08:05 8130742                    /lib/x86_64-linux-gnu/libdl-2.21.so
7fedac51f000-7fedac71e000 ---p 00003000 08:05 8130742                    /lib/x86_64-linux-gnu/libdl-2.21.so
7fedac71e000-7fedac71f000 r--p 00002000 08:05 8130742                    /lib/x86_64-linux-gnu/libdl-2.21.so
7fedac71f000-7fedac720000 rw-p 00003000 08:05 8130742                    /lib/x86_64-linux-gnu/libdl-2.21.so
7fedac720000-7fedac8e0000 r-xp 00000000 08:05 8130725                    /lib/x86_64-linux-gnu/libc-2.21.so
7fedac8e0000-7fedacae0000 ---p 001c0000 08:05 8130725                    /lib/x86_64-linux-gnu/libc-2.21.so
7fedacae0000-7fedacae4000 r--p 001c0000 08:05 8130725                    /lib/x86_64-linux-gnu/libc-2.21.so
7fedacae4000-7fedacae6000 rw-p 001c4000 08:05 8130725                    /lib/x86_64-linux-gnu/libc-2.21.so
7fedacae6000-7fedacaea000 rw-p 00000000 00:00 0 
7fedacaea000-7fedacaf7000 r-xp 00000000 08:05 10487842                   /usr/lib/jvm/java-7-openjdk-amd64/jre/lib/amd64/jli/libjli.so
7fedacaf7000-7fedaccf6000 ---p 0000d000 08:05 10487842                   /usr/lib/jvm/java-7-openjdk-amd64/jre/lib/amd64/jli/libjli.so
7fedaccf6000-7fedaccf7000 r--p 0000c000 08:05 10487842                   /usr/lib/jvm/java-7-openjdk-amd64/jre/lib/amd64/jli/libjli.so
7fedaccf7000-7fedaccf8000 rw-p 0000d000 08:05 10487842                   /usr/lib/jvm/java-7-openjdk-amd64/jre/lib/amd64/jli/libjli.so
7fedaccf8000-7fedacd1c000 r-xp 00000000 08:05 8130697                    /lib/x86_64-linux-gnu/ld-2.21.so
7fedacd1c000-7fedacd21000 r--s 0004d000 08:05 10487810                   /usr/lib/jvm/java-7-openjdk-amd64/jre/lib/jsse.jar
7fedacd21000-7fedacd23000 r--s 0000a000 08:05 10622460                   /usr/share/java/hamcrest-core-1.3.jar
7fedacd23000-7fedacd25000 r--s 0000a000 08:05 10622460                   /usr/share/java/hamcrest-core-1.3.jar
7fedacd25000-7fedacd2b000 r--s 00036000 08:05 10622470                   /usr/share/java/junit4-4.11.jar
7fedacd2b000-7fedacd35000 r--s 000ae000 08:05 10487806                   /usr/lib/jvm/java-7-openjdk-amd64/jre/lib/resources.jar
7fedacd35000-7fedacd39000 r--s 00034000 08:05 10487822                   /usr/lib/jvm/java-7-openjdk-amd64/jre/lib/ext/sunjce_provider.jar
7fedacd39000-7fedacd43000 rw-p 00000000 00:00 0 
7fedacd43000-7fedacdf9000 rw-p 00000000 00:00 0 
7fedacdf9000-7fedacdfc000 ---p 00000000 00:00 0 
7fedacdfc000-7fedaceff000 rw-p 00000000 00:00 0                          [stack:9012]
7fedaceff000-7fedacf02000 r--s 0000f000 08:05 10487824                   /usr/lib/jvm/java-7-openjdk-amd64/jre/lib/ext/icedtea-sound.jar
7fedacf02000-7fedacf04000 r--s 00012000 08:05 10487825                   /usr/lib/jvm/java-7-openjdk-amd64/jre/lib/ext/zipfs.jar
7fedacf04000-7fedacf08000 r--s 00085000 08:05 10487820                   /usr/lib/jvm/java-7-openjdk-amd64/jre/lib/ext/localedata.jar
7fedacf08000-7fedacf09000 r--s 00002000 08:05 10487821                   /usr/lib/jvm/java-7-openjdk-amd64/jre/lib/ext/dnsns.jar
7fedacf09000-7fedacf0b000 r--s 00006000 08:05 10617157                   /usr/share/java/java-atk-wrapper.jar
7fedacf0b000-7fedacf0f000 r--s 0003c000 08:05 10487823                   /usr/lib/jvm/java-7-openjdk-amd64/jre/lib/ext/sunpkcs11.jar
7fedacf0f000-7fedacf17000 rw-s 00000000 08:05 9961859                    /tmp/hsperfdata_jamie/9006
7fedacf17000-7fedacf18000 rw-p 00000000 00:00 0 
7fedacf18000-7fedacf19000 r--p 00000000 00:00 0 
7fedacf19000-7fedacf1b000 rw-p 00000000 00:00 0 
7fedacf1b000-7fedacf1c000 r--p 00023000 08:05 8130697                    /lib/x86_64-linux-gnu/ld-2.21.so
7fedacf1c000-7fedacf1d000 rw-p 00024000 08:05 8130697                    /lib/x86_64-linux-gnu/ld-2.21.so
7fedacf1d000-7fedacf1e000 rw-p 00000000 00:00 0 
7ffc7accc000-7ffc7aced000 rw-p 00000000 00:00 0                          [stack]
7ffc7ad0c000-7ffc7ad0e000 r--p 00000000 00:00 0                          [vvar]
7ffc7ad0e000-7ffc7ad10000 r-xp 00000000 00:00 0                          [vdso]
ffffffffff600000-ffffffffff601000 r-xp 00000000 00:00 0                  [vsyscall]

VM Arguments:
jvm_args: -Dfile.encoding=UTF-8 
java_command: MainActivity
Launcher Type: SUN_STANDARD

Environment Variables:
PATH=/usr/local/sbin:/usr/local/bin:/usr/sbin:/usr/bin:/sbin:/bin:/usr/games:/usr/local/games
SHELL=/bin/bash
DISPLAY=:0

Signal Handlers:
SIGSEGV: [libjvm.so+0x98ac50], sa_mask[0]=0x7ffbfeff, sa_flags=0x10000004
SIGBUS: [libjvm.so+0x98ac50], sa_mask[0]=0x7ffbfeff, sa_flags=0x10000004
SIGFPE: [libjvm.so+0x7f8ab0], sa_mask[0]=0x7ffbfeff, sa_flags=0x10000004
SIGPIPE: [libjvm.so+0x7f8ab0], sa_mask[0]=0x7ffbfeff, sa_flags=0x10000004
SIGXFSZ: [libjvm.so+0x7f8ab0], sa_mask[0]=0x7ffbfeff, sa_flags=0x10000004
SIGILL: [libjvm.so+0x7f8ab0], sa_mask[0]=0x7ffbfeff, sa_flags=0x10000004
SIGUSR1: SIG_DFL, sa_mask[0]=0x00000000, sa_flags=0x00000000
SIGUSR2: [libjvm.so+0x7f8930], sa_mask[0]=0x00000004, sa_flags=0x10000004
SIGHUP: [libjvm.so+0x7f8b30], sa_mask[0]=0x7ffbfeff, sa_flags=0x10000004
SIGINT: [libjvm.so+0x7f8b30], sa_mask[0]=0x7ffbfeff, sa_flags=0x10000004
SIGTERM: [libjvm.so+0x7f8b30], sa_mask[0]=0x7ffbfeff, sa_flags=0x10000004
SIGQUIT: [libjvm.so+0x7f8b30], sa_mask[0]=0x7ffbfeff, sa_flags=0x10000004
SIGTRAP: SIG_DFL, sa_mask[0]=0x00000000, sa_flags=0x00000000


---------------  S Y S T E M  ---------------

OS:Ubuntu 15.04 (vivid)
uname:Linux 3.19.0-31-generic #36-Ubuntu SMP Wed Oct 7 15:04:02 UTC 2015 x86_64
libc:glibc 2.21 NPTL 2.21 
rlimit: STACK 8192k, CORE 0k, NPROC 31650, NOFILE 65536, AS infinity
load average:0.49 0.27 0.34

/proc/meminfo:
MemTotal:        8124916 kB
MemFree:         5901912 kB
MemAvailable:    6824512 kB
Buffers:          132076 kB
Cached:           921296 kB
SwapCached:            0 kB
Active:          1383684 kB
Inactive:         501412 kB
Active(anon):     833628 kB
Inactive(anon):    12424 kB
Active(file):     550056 kB
Inactive(file):   488988 kB
Unevictable:          32 kB
Mlocked:              32 kB
SwapTotal:             0 kB
SwapFree:              0 kB
Dirty:                 8 kB
Writeback:           244 kB
AnonPages:        828408 kB
Mapped:            96040 kB
Shmem:             14296 kB
Slab:             138832 kB
SReclaimable:     104996 kB
SUnreclaim:        33836 kB
KernelStack:        8864 kB
PageTables:         9568 kB
NFS_Unstable:          0 kB
Bounce:                0 kB
WritebackTmp:          0 kB
CommitLimit:     4062456 kB
Committed_AS:    1892172 kB
VmallocTotal:   34359738367 kB
VmallocUsed:      114116 kB
VmallocChunk:   34359616252 kB
HardwareCorrupted:     0 kB
AnonHugePages:    778240 kB
CmaTotal:              0 kB
CmaFree:               0 kB
HugePages_Total:       0
HugePages_Free:        0
HugePages_Rsvd:        0
HugePages_Surp:        0
Hugepagesize:       2048 kB
DirectMap4k:      387840 kB
DirectMap2M:     7950336 kB


CPU:total 4 (2 cores per cpu, 2 threads per core) family 6 model 58 stepping 9, cmov, cx8, fxsr, mmx, sse, sse2, sse3, ssse3, sse4.1, sse4.2, popcnt, avx, aes, erms, ht, tsc, tscinvbit, tscinv

/proc/cpuinfo:
processor	: 0
vendor_id	: GenuineIntel
cpu family	: 6
model		: 58
model name	: Intel(R) Core(TM) i5-3230M CPU @ 2.60GHz
stepping	: 9
microcode	: 0x15
cpu MHz		: 2999.953
cache size	: 3072 KB
physical id	: 0
siblings	: 4
core id		: 0
cpu cores	: 2
apicid		: 0
initial apicid	: 0
fpu		: yes
fpu_exception	: yes
cpuid level	: 13
wp		: yes
flags		: fpu vme de pse tsc msr pae mce cx8 apic sep mtrr pge mca cmov pat pse36 clflush dts acpi mmx fxsr sse sse2 ss ht tm pbe syscall nx rdtscp lm constant_tsc arch_perfmon pebs bts rep_good nopl xtopology nonstop_tsc aperfmperf eagerfpu pni pclmulqdq dtes64 monitor ds_cpl vmx est tm2 ssse3 cx16 xtpr pdcm pcid sse4_1 sse4_2 x2apic popcnt tsc_deadline_timer aes xsave avx f16c rdrand lahf_lm ida arat epb pln pts dtherm tpr_shadow vnmi flexpriority ept vpid fsgsbase smep erms xsaveopt
bugs		:
bogomips	: 5188.04
clflush size	: 64
cache_alignment	: 64
address sizes	: 36 bits physical, 48 bits virtual
power management:

processor	: 1
vendor_id	: GenuineIntel
cpu family	: 6
model		: 58
model name	: Intel(R) Core(TM) i5-3230M CPU @ 2.60GHz
stepping	: 9
microcode	: 0x15
cpu MHz		: 2999.953
cache size	: 3072 KB
physical id	: 0
siblings	: 4
core id		: 0
cpu cores	: 2
apicid		: 1
initial apicid	: 1
fpu		: yes
fpu_exception	: yes
cpuid level	: 13
wp		: yes
flags		: fpu vme de pse tsc msr pae mce cx8 apic sep mtrr pge mca cmov pat pse36 clflush dts acpi mmx fxsr sse sse2 ss ht tm pbe syscall nx rdtscp lm constant_tsc arch_perfmon pebs bts rep_good nopl xtopology nonstop_tsc aperfmperf eagerfpu pni pclmulqdq dtes64 monitor ds_cpl vmx est tm2 ssse3 cx16 xtpr pdcm pcid sse4_1 sse4_2 x2apic popcnt tsc_deadline_timer aes xsave avx f16c rdrand lahf_lm ida arat epb pln pts dtherm tpr_shadow vnmi flexpriority ept vpid fsgsbase smep erms xsaveopt
bugs		:
bogomips	: 5188.04
clflush size	: 64
cache_alignment	: 64
address sizes	: 36 bits physical, 48 bits virtual
power management:

processor	: 2
vendor_id	: GenuineIntel
cpu family	: 6
model		: 58
model name	: Intel(R) Core(TM) i5-3230M CPU @ 2.60GHz
stepping	: 9
microcode	: 0x15
cpu MHz		: 2999.953
cache size	: 3072 KB
physical id	: 0
siblings	: 4
core id		: 1
cpu cores	: 2
apicid		: 2
initial apicid	: 2
fpu		: yes
fpu_exception	: yes
cpuid level	: 13
wp		: yes
flags		: fpu vme de pse tsc msr pae mce cx8 apic sep mtrr pge mca cmov pat pse36 clflush dts acpi mmx fxsr sse sse2 ss ht tm pbe syscall nx rdtscp lm constant_tsc arch_perfmon pebs bts rep_good nopl xtopology nonstop_tsc aperfmperf eagerfpu pni pclmulqdq dtes64 monitor ds_cpl vmx est tm2 ssse3 cx16 xtpr pdcm pcid sse4_1 sse4_2 x2apic popcnt tsc_deadline_timer aes xsave avx f16c rdrand lahf_lm ida arat epb pln pts dtherm tpr_shadow vnmi flexpriority ept vpid fsgsbase smep erms xsaveopt
bugs		:
bogomips	: 5188.04
clflush size	: 64
cache_alignment	: 64
address sizes	: 36 bits physical, 48 bits virtual
power management:

processor	: 3
vendor_id	: GenuineIntel
cpu family	: 6
model		: 58
model name	: Intel(R) Core(TM) i5-3230M CPU @ 2.60GHz
stepping	: 9
microcode	: 0x15
cpu MHz		: 2999.953
cache size	: 3072 KB
physical id	: 0
siblings	: 4
core id		: 1
cpu cores	: 2
apicid		: 3
initial apicid	: 3
fpu		: yes
fpu_exception	: yes
cpuid level	: 13
wp		: yes
flags		: fpu vme de pse tsc msr pae mce cx8 apic sep mtrr pge mca cmov pat pse36 clflush dts acpi mmx fxsr sse sse2 ss ht tm pbe syscall nx rdtscp lm constant_tsc arch_perfmon pebs bts rep_good nopl xtopology nonstop_tsc aperfmperf eagerfpu pni pclmulqdq dtes64 monitor ds_cpl vmx est tm2 ssse3 cx16 xtpr pdcm pcid sse4_1 sse4_2 x2apic popcnt tsc_deadline_timer aes xsave avx f16c rdrand lahf_lm ida arat epb pln pts dtherm tpr_shadow vnmi flexpriority ept vpid fsgsbase smep erms xsaveopt
bugs		:
bogomips	: 5188.04
clflush size	: 64
cache_alignment	: 64
address sizes	: 36 bits physical, 48 bits virtual
power management:



Memory: 4k page, physical 8124916k(5907356k free), swap 0k(0k free)

vm_info: OpenJDK 64-Bit Server VM (24.79-b02) for linux-amd64 JRE (1.7.0_79-b14), built on Jul 24 2015 05:24:39 by "buildd" with gcc 4.9.2

time: Fri Oct 30 10:38:06 2015
elapsed time: 1847 seconds

